[debug] [2022-09-07T11:47:14.461Z] ----------------------------------------------------------------------
[debug] [2022-09-07T11:47:14.463Z] Command:       C:\Program Files\nodejs\node.exe C:\Users\Sai\AppData\Roaming\npm\node_modules\firebase-tools\lib\bin\firebase.js init
[debug] [2022-09-07T11:47:14.464Z] CLI Version:   11.8.0
[debug] [2022-09-07T11:47:14.464Z] Platform:      win32
[debug] [2022-09-07T11:47:14.464Z] Node Version:  v16.13.2
[debug] [2022-09-07T11:47:14.477Z] Time:          Wed Sep 07 2022 17:17:14 GMT+0530 (India Standard Time)
[debug] [2022-09-07T11:47:14.477Z] ----------------------------------------------------------------------
[debug] 
[debug] [2022-09-07T11:47:14.549Z] > command requires scopes: ["email","openid","https://www.googleapis.com/auth/cloudplatformprojects.readonly","https://www.googleapis.com/auth/firebase","https://www.googleapis.com/auth/cloud-platform"]
[debug] [2022-09-07T11:47:14.549Z] > authorizing via signed-in user (rohitjobeis@gmail.com)
[info] 
     ######## #### ########  ######## ########     ###     ######  ########
     ##        ##  ##     ## ##       ##     ##  ##   ##  ##       ##
     ######    ##  ########  ######   ########  #########  ######  ######
     ##        ##  ##    ##  ##       ##     ## ##     ##       ## ##
     ##       #### ##     ## ######## ########  ##     ##  ######  ########

You're about to initialize a Firebase project in this directory:

  C:\Users\Sai\Documents\JS\amazon-clone

Before we get started, keep in mind:

  * You are initializing within an existing Firebase project directory

